[1.060s] Invoking command in '/home/hallzero/turtlebot_ws/src/turtlebot_controller': PYTHONPATH=/home/hallzero/turtlebot_ws/src/turtlebot_controller/build/turtlebot_controller/prefix_override:/home/hallzero/turtlebot_ws/src/turtlebot_controller/install/turtlebot_controller/lib/python3.10/site-packages:${PYTHONPATH} /usr/bin/python3 setup.py egg_info --egg-base build/turtlebot_controller build --build-base /home/hallzero/turtlebot_ws/src/turtlebot_controller/build/turtlebot_controller/build install --record /home/hallzero/turtlebot_ws/src/turtlebot_controller/build/turtlebot_controller/install.log --single-version-externally-managed
[1.418s] running egg_info
[1.419s] writing build/turtlebot_controller/turtlebot_controller.egg-info/PKG-INFO
[1.420s] writing dependency_links to build/turtlebot_controller/turtlebot_controller.egg-info/dependency_links.txt
[1.420s] writing entry points to build/turtlebot_controller/turtlebot_controller.egg-info/entry_points.txt
[1.421s] writing requirements to build/turtlebot_controller/turtlebot_controller.egg-info/requires.txt
[1.421s] writing top-level names to build/turtlebot_controller/turtlebot_controller.egg-info/top_level.txt
[1.425s] reading manifest file 'build/turtlebot_controller/turtlebot_controller.egg-info/SOURCES.txt'
[1.426s] writing manifest file 'build/turtlebot_controller/turtlebot_controller.egg-info/SOURCES.txt'
[1.426s] running build
[1.426s] running build_py
[1.426s] copying turtlebot_controller/turtlebot_sim_controller.py -> /home/hallzero/turtlebot_ws/src/turtlebot_controller/build/turtlebot_controller/build/lib/turtlebot_controller
[1.427s] running install
[1.427s] running install_lib
[1.429s] copying /home/hallzero/turtlebot_ws/src/turtlebot_controller/build/turtlebot_controller/build/lib/turtlebot_controller/turtlebot_sim_controller.py -> /home/hallzero/turtlebot_ws/src/turtlebot_controller/install/turtlebot_controller/lib/python3.10/site-packages/turtlebot_controller
[1.430s] byte-compiling /home/hallzero/turtlebot_ws/src/turtlebot_controller/install/turtlebot_controller/lib/python3.10/site-packages/turtlebot_controller/turtlebot_sim_controller.py to turtlebot_sim_controller.cpython-310.pyc
[1.432s] running install_data
[1.433s] running install_egg_info
[1.435s] removing '/home/hallzero/turtlebot_ws/src/turtlebot_controller/install/turtlebot_controller/lib/python3.10/site-packages/turtlebot_controller-0.0.0-py3.10.egg-info' (and everything under it)
[1.436s] Copying build/turtlebot_controller/turtlebot_controller.egg-info to /home/hallzero/turtlebot_ws/src/turtlebot_controller/install/turtlebot_controller/lib/python3.10/site-packages/turtlebot_controller-0.0.0-py3.10.egg-info
[1.437s] running install_scripts
[1.465s] Installing turtlebot_controller script to /home/hallzero/turtlebot_ws/src/turtlebot_controller/install/turtlebot_controller/lib/turtlebot_controller
[1.467s] writing list of installed files to '/home/hallzero/turtlebot_ws/src/turtlebot_controller/build/turtlebot_controller/install.log'
[1.513s] Invoked command in '/home/hallzero/turtlebot_ws/src/turtlebot_controller' returned '0': PYTHONPATH=/home/hallzero/turtlebot_ws/src/turtlebot_controller/build/turtlebot_controller/prefix_override:/home/hallzero/turtlebot_ws/src/turtlebot_controller/install/turtlebot_controller/lib/python3.10/site-packages:${PYTHONPATH} /usr/bin/python3 setup.py egg_info --egg-base build/turtlebot_controller build --build-base /home/hallzero/turtlebot_ws/src/turtlebot_controller/build/turtlebot_controller/build install --record /home/hallzero/turtlebot_ws/src/turtlebot_controller/build/turtlebot_controller/install.log --single-version-externally-managed
