[1.306s] Invoking command in '/home/hallzero/turtlebot_ws/src/turtlebot_controller': PYTHONPATH=/home/hallzero/turtlebot_ws/src/turtlebot_controller/build/turtlebot_controller/prefix_override:/home/hallzero/turtlebot_ws/src/turtlebot_controller/install/turtlebot_controller/lib/python3.10/site-packages:${PYTHONPATH} /usr/bin/python3 setup.py egg_info --egg-base build/turtlebot_controller build --build-base /home/hallzero/turtlebot_ws/src/turtlebot_controller/build/turtlebot_controller/build install --record /home/hallzero/turtlebot_ws/src/turtlebot_controller/build/turtlebot_controller/install.log --single-version-externally-managed
[1.614s] running egg_info
[1.615s] creating build/turtlebot_controller/turtlebot_controller.egg-info
[1.616s] writing build/turtlebot_controller/turtlebot_controller.egg-info/PKG-INFO
[1.617s] writing dependency_links to build/turtlebot_controller/turtlebot_controller.egg-info/dependency_links.txt
[1.617s] writing entry points to build/turtlebot_controller/turtlebot_controller.egg-info/entry_points.txt
[1.618s] writing requirements to build/turtlebot_controller/turtlebot_controller.egg-info/requires.txt
[1.619s] writing top-level names to build/turtlebot_controller/turtlebot_controller.egg-info/top_level.txt
[1.619s] writing manifest file 'build/turtlebot_controller/turtlebot_controller.egg-info/SOURCES.txt'
[1.622s] reading manifest file 'build/turtlebot_controller/turtlebot_controller.egg-info/SOURCES.txt'
[1.623s] writing manifest file 'build/turtlebot_controller/turtlebot_controller.egg-info/SOURCES.txt'
[1.623s] running build
[1.623s] running build_py
[1.624s] creating /home/hallzero/turtlebot_ws/src/turtlebot_controller/build/turtlebot_controller/build
[1.624s] creating /home/hallzero/turtlebot_ws/src/turtlebot_controller/build/turtlebot_controller/build/lib
[1.626s] creating /home/hallzero/turtlebot_ws/src/turtlebot_controller/build/turtlebot_controller/build/lib/turtlebot_controller
[1.628s] copying turtlebot_controller/turtlebot_sim_controller.py -> /home/hallzero/turtlebot_ws/src/turtlebot_controller/build/turtlebot_controller/build/lib/turtlebot_controller
[1.629s] copying turtlebot_controller/__init__.py -> /home/hallzero/turtlebot_ws/src/turtlebot_controller/build/turtlebot_controller/build/lib/turtlebot_controller
[1.630s] running install
[1.630s] running install_lib
[1.631s] creating /home/hallzero/turtlebot_ws/src/turtlebot_controller/install/turtlebot_controller/lib/python3.10/site-packages/turtlebot_controller
[1.632s] copying /home/hallzero/turtlebot_ws/src/turtlebot_controller/build/turtlebot_controller/build/lib/turtlebot_controller/turtlebot_sim_controller.py -> /home/hallzero/turtlebot_ws/src/turtlebot_controller/install/turtlebot_controller/lib/python3.10/site-packages/turtlebot_controller
[1.632s] copying /home/hallzero/turtlebot_ws/src/turtlebot_controller/build/turtlebot_controller/build/lib/turtlebot_controller/__init__.py -> /home/hallzero/turtlebot_ws/src/turtlebot_controller/install/turtlebot_controller/lib/python3.10/site-packages/turtlebot_controller
[1.632s] byte-compiling /home/hallzero/turtlebot_ws/src/turtlebot_controller/install/turtlebot_controller/lib/python3.10/site-packages/turtlebot_controller/turtlebot_sim_controller.py to turtlebot_sim_controller.cpython-310.pyc
[1.635s] byte-compiling /home/hallzero/turtlebot_ws/src/turtlebot_controller/install/turtlebot_controller/lib/python3.10/site-packages/turtlebot_controller/__init__.py to __init__.cpython-310.pyc
[1.635s] running install_data
[1.636s] creating /home/hallzero/turtlebot_ws/src/turtlebot_controller/install/turtlebot_controller/share/ament_index
[1.636s] creating /home/hallzero/turtlebot_ws/src/turtlebot_controller/install/turtlebot_controller/share/ament_index/resource_index
[1.638s] creating /home/hallzero/turtlebot_ws/src/turtlebot_controller/install/turtlebot_controller/share/ament_index/resource_index/packages
[1.639s] copying resource/turtlebot_controller -> /home/hallzero/turtlebot_ws/src/turtlebot_controller/install/turtlebot_controller/share/ament_index/resource_index/packages
[1.641s] copying package.xml -> /home/hallzero/turtlebot_ws/src/turtlebot_controller/install/turtlebot_controller/share/turtlebot_controller
[1.641s] running install_egg_info
[1.645s] Copying build/turtlebot_controller/turtlebot_controller.egg-info to /home/hallzero/turtlebot_ws/src/turtlebot_controller/install/turtlebot_controller/lib/python3.10/site-packages/turtlebot_controller-0.0.0-py3.10.egg-info
[1.648s] running install_scripts
[1.672s] Installing turtlebot_controller script to /home/hallzero/turtlebot_ws/src/turtlebot_controller/install/turtlebot_controller/lib/turtlebot_controller
[1.675s] writing list of installed files to '/home/hallzero/turtlebot_ws/src/turtlebot_controller/build/turtlebot_controller/install.log'
[1.731s] Invoked command in '/home/hallzero/turtlebot_ws/src/turtlebot_controller' returned '0': PYTHONPATH=/home/hallzero/turtlebot_ws/src/turtlebot_controller/build/turtlebot_controller/prefix_override:/home/hallzero/turtlebot_ws/src/turtlebot_controller/install/turtlebot_controller/lib/python3.10/site-packages:${PYTHONPATH} /usr/bin/python3 setup.py egg_info --egg-base build/turtlebot_controller build --build-base /home/hallzero/turtlebot_ws/src/turtlebot_controller/build/turtlebot_controller/build install --record /home/hallzero/turtlebot_ws/src/turtlebot_controller/build/turtlebot_controller/install.log --single-version-externally-managed
