[1.274s] Invoking command in '/home/hallzero/turtlebot_ws/src/turtlebot_controller': PYTHONPATH=/home/hallzero/turtlebot_ws/build/turtlebot_controller/prefix_override:/home/hallzero/turtlebot_ws/install/turtlebot_controller/lib/python3.10/site-packages:${PYTHONPATH} /usr/bin/python3 setup.py egg_info --egg-base ../../build/turtlebot_controller build --build-base /home/hallzero/turtlebot_ws/build/turtlebot_controller/build install --record /home/hallzero/turtlebot_ws/build/turtlebot_controller/install.log --single-version-externally-managed
[1.486s] running egg_info
[1.487s] creating ../../build/turtlebot_controller/turtlebot_controller.egg-info
[1.487s] writing ../../build/turtlebot_controller/turtlebot_controller.egg-info/PKG-INFO
[1.487s] writing dependency_links to ../../build/turtlebot_controller/turtlebot_controller.egg-info/dependency_links.txt
[1.487s] writing entry points to ../../build/turtlebot_controller/turtlebot_controller.egg-info/entry_points.txt
[1.488s] writing requirements to ../../build/turtlebot_controller/turtlebot_controller.egg-info/requires.txt
[1.488s] writing top-level names to ../../build/turtlebot_controller/turtlebot_controller.egg-info/top_level.txt
[1.488s] writing manifest file '../../build/turtlebot_controller/turtlebot_controller.egg-info/SOURCES.txt'
[1.489s] reading manifest file '../../build/turtlebot_controller/turtlebot_controller.egg-info/SOURCES.txt'
[1.490s] writing manifest file '../../build/turtlebot_controller/turtlebot_controller.egg-info/SOURCES.txt'
[1.490s] running build
[1.490s] running build_py
[1.490s] creating /home/hallzero/turtlebot_ws/build/turtlebot_controller/build
[1.490s] creating /home/hallzero/turtlebot_ws/build/turtlebot_controller/build/lib
[1.490s] creating /home/hallzero/turtlebot_ws/build/turtlebot_controller/build/lib/turtlebot_controller
[1.490s] copying turtlebot_controller/__init__.py -> /home/hallzero/turtlebot_ws/build/turtlebot_controller/build/lib/turtlebot_controller
[1.490s] running install
[1.491s] running install_lib
[1.491s] creating /home/hallzero/turtlebot_ws/install/turtlebot_controller/lib/python3.10/site-packages/turtlebot_controller
[1.491s] copying /home/hallzero/turtlebot_ws/build/turtlebot_controller/build/lib/turtlebot_controller/__init__.py -> /home/hallzero/turtlebot_ws/install/turtlebot_controller/lib/python3.10/site-packages/turtlebot_controller
[1.492s] byte-compiling /home/hallzero/turtlebot_ws/install/turtlebot_controller/lib/python3.10/site-packages/turtlebot_controller/__init__.py to __init__.cpython-310.pyc
[1.492s] running install_data
[1.493s] creating /home/hallzero/turtlebot_ws/install/turtlebot_controller/share/ament_index
[1.493s] creating /home/hallzero/turtlebot_ws/install/turtlebot_controller/share/ament_index/resource_index
[1.493s] creating /home/hallzero/turtlebot_ws/install/turtlebot_controller/share/ament_index/resource_index/packages
[1.493s] copying resource/turtlebot_controller -> /home/hallzero/turtlebot_ws/install/turtlebot_controller/share/ament_index/resource_index/packages
[1.512s] copying package.xml -> /home/hallzero/turtlebot_ws/install/turtlebot_controller/share/turtlebot_controller
[1.512s] running install_egg_info
[1.513s] Copying ../../build/turtlebot_controller/turtlebot_controller.egg-info to /home/hallzero/turtlebot_ws/install/turtlebot_controller/lib/python3.10/site-packages/turtlebot_controller-0.0.0-py3.10.egg-info
[1.514s] running install_scripts
[1.531s] writing list of installed files to '/home/hallzero/turtlebot_ws/build/turtlebot_controller/install.log'
[1.557s] Invoked command in '/home/hallzero/turtlebot_ws/src/turtlebot_controller' returned '0': PYTHONPATH=/home/hallzero/turtlebot_ws/build/turtlebot_controller/prefix_override:/home/hallzero/turtlebot_ws/install/turtlebot_controller/lib/python3.10/site-packages:${PYTHONPATH} /usr/bin/python3 setup.py egg_info --egg-base ../../build/turtlebot_controller build --build-base /home/hallzero/turtlebot_ws/build/turtlebot_controller/build install --record /home/hallzero/turtlebot_ws/build/turtlebot_controller/install.log --single-version-externally-managed
